Build started 5/30/2017 3:32:47 PM.
     1>Project "C:\Users\mimtiaz\Documents\Visual Studio 2010\Projects\CodingPracticeProjects\glcmMaskExcel\glcmMaskExcel\glcmMaskExcel.vcxproj" on node 2 (build target(s)).
     1>InitializeBuildStatus:
         Creating "Debug\glcmMaskExcel.unsuccessfulbuild" because "AlwaysCreate" was specified.
       ClCompile:
         c:\Program Files (x86)\Microsoft Visual Studio 10.0\VC\BIN\CL.exe /c /I"C:\Program Files (x86)\Visual Leak Detector\include" /ZI /nologo /W3 /WX- /Od /Oy- /D WIN32 /D _DEBUG /D _CONSOLE /D _UNICODE /D UNICODE /Gm /EHsc /RTC1 /MDd /GS /fp:precise /Zc:wchar_t /Zc:forScope /Fo"Debug\\" /Fd"Debug\vc100.pdb" /Gd /TP /analyze- /errorReport:prompt main.cpp
         main.cpp
     1>c:\users\mimtiaz\documents\visual studio 2010\projects\codingpracticeprojects\glcmmaskexcel\glcmmaskexcel\main.cpp(1074): warning C4996: 'sprintf': This function or variable may be unsafe. Consider using sprintf_s instead. To disable deprecation, use _CRT_SECURE_NO_WARNINGS. See online help for details.
                 c:\program files (x86)\microsoft visual studio 10.0\vc\include\stdio.h(371) : see declaration of 'sprintf'
     1>c:\users\mimtiaz\documents\visual studio 2010\projects\codingpracticeprojects\glcmmaskexcel\glcmmaskexcel\main.cpp(1078): warning C4996: 'sprintf': This function or variable may be unsafe. Consider using sprintf_s instead. To disable deprecation, use _CRT_SECURE_NO_WARNINGS. See online help for details.
                 c:\program files (x86)\microsoft visual studio 10.0\vc\include\stdio.h(371) : see declaration of 'sprintf'
     1>c:\users\mimtiaz\documents\visual studio 2010\projects\codingpracticeprojects\glcmmaskexcel\glcmmaskexcel\main.cpp(1082): warning C4996: 'sprintf': This function or variable may be unsafe. Consider using sprintf_s instead. To disable deprecation, use _CRT_SECURE_NO_WARNINGS. See online help for details.
                 c:\program files (x86)\microsoft visual studio 10.0\vc\include\stdio.h(371) : see declaration of 'sprintf'
     1>c:\users\mimtiaz\documents\visual studio 2010\projects\codingpracticeprojects\glcmmaskexcel\glcmmaskexcel\main.cpp(1086): warning C4996: 'sprintf': This function or variable may be unsafe. Consider using sprintf_s instead. To disable deprecation, use _CRT_SECURE_NO_WARNINGS. See online help for details.
                 c:\program files (x86)\microsoft visual studio 10.0\vc\include\stdio.h(371) : see declaration of 'sprintf'
     1>c:\users\mimtiaz\documents\visual studio 2010\projects\codingpracticeprojects\glcmmaskexcel\glcmmaskexcel\main.cpp(1090): warning C4996: 'sprintf': This function or variable may be unsafe. Consider using sprintf_s instead. To disable deprecation, use _CRT_SECURE_NO_WARNINGS. See online help for details.
                 c:\program files (x86)\microsoft visual studio 10.0\vc\include\stdio.h(371) : see declaration of 'sprintf'
     1>c:\users\mimtiaz\documents\visual studio 2010\projects\codingpracticeprojects\glcmmaskexcel\glcmmaskexcel\main.cpp(1094): warning C4996: 'sprintf': This function or variable may be unsafe. Consider using sprintf_s instead. To disable deprecation, use _CRT_SECURE_NO_WARNINGS. See online help for details.
                 c:\program files (x86)\microsoft visual studio 10.0\vc\include\stdio.h(371) : see declaration of 'sprintf'
     1>c:\users\mimtiaz\documents\visual studio 2010\projects\codingpracticeprojects\glcmmaskexcel\glcmmaskexcel\main.cpp(1098): warning C4996: 'sprintf': This function or variable may be unsafe. Consider using sprintf_s instead. To disable deprecation, use _CRT_SECURE_NO_WARNINGS. See online help for details.
                 c:\program files (x86)\microsoft visual studio 10.0\vc\include\stdio.h(371) : see declaration of 'sprintf'
     1>c:\users\mimtiaz\documents\visual studio 2010\projects\codingpracticeprojects\glcmmaskexcel\glcmmaskexcel\main.cpp(1102): warning C4996: 'sprintf': This function or variable may be unsafe. Consider using sprintf_s instead. To disable deprecation, use _CRT_SECURE_NO_WARNINGS. See online help for details.
                 c:\program files (x86)\microsoft visual studio 10.0\vc\include\stdio.h(371) : see declaration of 'sprintf'
     1>c:\users\mimtiaz\documents\visual studio 2010\projects\codingpracticeprojects\glcmmaskexcel\glcmmaskexcel\main.cpp(1106): warning C4996: 'sprintf': This function or variable may be unsafe. Consider using sprintf_s instead. To disable deprecation, use _CRT_SECURE_NO_WARNINGS. See online help for details.
                 c:\program files (x86)\microsoft visual studio 10.0\vc\include\stdio.h(371) : see declaration of 'sprintf'
     1>c:\users\mimtiaz\documents\visual studio 2010\projects\codingpracticeprojects\glcmmaskexcel\glcmmaskexcel\main.cpp(1110): warning C4996: 'sprintf': This function or variable may be unsafe. Consider using sprintf_s instead. To disable deprecation, use _CRT_SECURE_NO_WARNINGS. See online help for details.
                 c:\program files (x86)\microsoft visual studio 10.0\vc\include\stdio.h(371) : see declaration of 'sprintf'
     1>c:\users\mimtiaz\documents\visual studio 2010\projects\codingpracticeprojects\glcmmaskexcel\glcmmaskexcel\main.cpp(1114): warning C4996: 'sprintf': This function or variable may be unsafe. Consider using sprintf_s instead. To disable deprecation, use _CRT_SECURE_NO_WARNINGS. See online help for details.
                 c:\program files (x86)\microsoft visual studio 10.0\vc\include\stdio.h(371) : see declaration of 'sprintf'
     1>c:\users\mimtiaz\documents\visual studio 2010\projects\codingpracticeprojects\glcmmaskexcel\glcmmaskexcel\main.cpp(1118): warning C4996: 'sprintf': This function or variable may be unsafe. Consider using sprintf_s instead. To disable deprecation, use _CRT_SECURE_NO_WARNINGS. See online help for details.
                 c:\program files (x86)\microsoft visual studio 10.0\vc\include\stdio.h(371) : see declaration of 'sprintf'
     1>c:\users\mimtiaz\documents\visual studio 2010\projects\codingpracticeprojects\glcmmaskexcel\glcmmaskexcel\main.cpp(1122): warning C4996: 'sprintf': This function or variable may be unsafe. Consider using sprintf_s instead. To disable deprecation, use _CRT_SECURE_NO_WARNINGS. See online help for details.
                 c:\program files (x86)\microsoft visual studio 10.0\vc\include\stdio.h(371) : see declaration of 'sprintf'
     1>c:\users\mimtiaz\documents\visual studio 2010\projects\codingpracticeprojects\glcmmaskexcel\glcmmaskexcel\main.cpp(1126): warning C4996: 'sprintf': This function or variable may be unsafe. Consider using sprintf_s instead. To disable deprecation, use _CRT_SECURE_NO_WARNINGS. See online help for details.
                 c:\program files (x86)\microsoft visual studio 10.0\vc\include\stdio.h(371) : see declaration of 'sprintf'
     1>c:\users\mimtiaz\documents\visual studio 2010\projects\codingpracticeprojects\glcmmaskexcel\glcmmaskexcel\main.cpp(1380): warning C4258: 'i' : definition from the for loop is ignored; the definition from the enclosing scope is used
                 c:\users\mimtiaz\documents\visual studio 2010\projects\codingpracticeprojects\glcmmaskexcel\glcmmaskexcel\main.cpp(1327) : definition of 'i' ignored
                 c:\users\mimtiaz\documents\visual studio 2010\projects\codingpracticeprojects\glcmmaskexcel\glcmmaskexcel\main.cpp(1272) : definition of 'i' used
     1>c:\users\mimtiaz\documents\visual studio 2010\projects\codingpracticeprojects\glcmmaskexcel\glcmmaskexcel\main.cpp(1382): warning C4258: 'i' : definition from the for loop is ignored; the definition from the enclosing scope is used
                 c:\users\mimtiaz\documents\visual studio 2010\projects\codingpracticeprojects\glcmmaskexcel\glcmmaskexcel\main.cpp(1327) : definition of 'i' ignored
                 c:\users\mimtiaz\documents\visual studio 2010\projects\codingpracticeprojects\glcmmaskexcel\glcmmaskexcel\main.cpp(1272) : definition of 'i' used
     1>c:\users\mimtiaz\documents\visual studio 2010\projects\codingpracticeprojects\glcmmaskexcel\glcmmaskexcel\main.cpp(1400): warning C4996: 'getch': The POSIX name for this item is deprecated. Instead, use the ISO C++ conformant name: _getch. See online help for details.
                 c:\program files (x86)\microsoft visual studio 10.0\vc\include\conio.h(128) : see declaration of 'getch'
       ManifestResourceCompile:
         All outputs are up-to-date.
       Link:
         c:\Program Files (x86)\Microsoft Visual Studio 10.0\VC\BIN\link.exe /ERRORREPORT:PROMPT /OUT:"C:\Users\mimtiaz\Documents\Visual Studio 2010\Projects\CodingPracticeProjects\glcmMaskExcel\Debug\glcmMaskExcel.exe" /INCREMENTAL /NOLOGO /LIBPATH:"C:\Program Files (x86)\Visual Leak Detector\lib\Win32" cv.lib cxcore.lib highgui.lib kernel32.lib user32.lib gdi32.lib winspool.lib comdlg32.lib advapi32.lib shell32.lib ole32.lib oleaut32.lib uuid.lib odbc32.lib odbccp32.lib /MANIFEST /ManifestFile:"Debug\glcmMaskExcel.exe.intermediate.manifest" /MANIFESTUAC:"level='asInvoker' uiAccess='false'" /DEBUG /PDB:"C:\Users\mimtiaz\Documents\Visual Studio 2010\Projects\CodingPracticeProjects\glcmMaskExcel\Debug\glcmMaskExcel.pdb" /SUBSYSTEM:CONSOLE /TLBID:1 /DYNAMICBASE /NXCOMPAT /IMPLIB:"C:\Users\mimtiaz\Documents\Visual Studio 2010\Projects\CodingPracticeProjects\glcmMaskExcel\Debug\glcmMaskExcel.lib" /MACHINE:X86 Debug\glcmMaskExcel.exe.embed.manifest.res
         Debug\main.obj
       Manifest:
         C:\Program Files (x86)\Microsoft SDKs\Windows\v7.0A\bin\mt.exe /nologo /verbose /out:"Debug\glcmMaskExcel.exe.embed.manifest" /manifest Debug\glcmMaskExcel.exe.intermediate.manifest
         All outputs are up-to-date.
       LinkEmbedManifest:
         All outputs are up-to-date.
         glcmMaskExcel.vcxproj -> C:\Users\mimtiaz\Documents\Visual Studio 2010\Projects\CodingPracticeProjects\glcmMaskExcel\Debug\glcmMaskExcel.exe
       FinalizeBuildStatus:
         Deleting file "Debug\glcmMaskExcel.unsuccessfulbuild".
         Touching "Debug\glcmMaskExcel.lastbuildstate".
     1>Done Building Project "C:\Users\mimtiaz\Documents\Visual Studio 2010\Projects\CodingPracticeProjects\glcmMaskExcel\glcmMaskExcel\glcmMaskExcel.vcxproj" (build target(s)).

Build succeeded.

Time Elapsed 00:00:02.21
